<?xml version="1.0" encoding="UTF-8"?>
<coverage generated="1775440250311" clover="3.2.0">
  <project timestamp="1775440250311" name="All files">
    <metrics statements="72" coveredstatements="69" conditionals="46" coveredconditionals="44" methods="14" coveredmethods="13" elements="132" coveredelements="126" complexity="0" loc="72" ncloc="72" packages="2" files="6" classes="6"/>
    <package name="src">
      <metrics statements="21" coveredstatements="21" conditionals="16" coveredconditionals="16" methods="3" coveredmethods="3"/>
      <file name="parser.js" path="/home/maicol/proyectos/fullstack-javascript-project-103/src/parser.js">
        <metrics statements="8" coveredstatements="8" conditionals="6" coveredconditionals="6" methods="1" coveredmethods="1"/>
        <line num="6" count="15" type="stmt"/>
        <line num="7" count="15" type="stmt"/>
        <line num="8" count="13" type="stmt"/>
        <line num="10" count="13" type="cond" truecount="2" falsecount="0"/>
        <line num="11" count="7" type="stmt"/>
        <line num="13" count="6" type="cond" truecount="4" falsecount="0"/>
        <line num="14" count="5" type="stmt"/>
        <line num="17" count="1" type="stmt"/>
      </file>
      <file name="treeBuilder.js" path="/home/maicol/proyectos/fullstack-javascript-project-103/src/treeBuilder.js">
        <metrics statements="13" coveredstatements="13" conditionals="10" coveredconditionals="10" methods="2" coveredmethods="2"/>
        <line num="3" count="1" type="stmt"/>
        <line num="4" count="20" type="stmt"/>
        <line num="5" count="20" type="stmt"/>
        <line num="6" count="61" type="cond" truecount="4" falsecount="0"/>
        <line num="7" count="8" type="stmt"/>
        <line num="8" count="8" type="stmt"/>
        <line num="10" count="53" type="cond" truecount="2" falsecount="0"/>
        <line num="11" count="14" type="stmt"/>
        <line num="13" count="39" type="cond" truecount="2" falsecount="0"/>
        <line num="14" count="11" type="stmt"/>
        <line num="16" count="28" type="cond" truecount="2" falsecount="0"/>
        <line num="17" count="13" type="stmt"/>
        <line num="19" count="15" type="stmt"/>
      </file>
    </package>
    <package name="src.formatters">
      <metrics statements="51" coveredstatements="48" conditionals="30" coveredconditionals="28" methods="11" coveredmethods="10"/>
      <file name="index.js" path="/home/maicol/proyectos/fullstack-javascript-project-103/src/formatters/index.js">
        <metrics statements="10" coveredstatements="9" conditionals="8" coveredconditionals="7" methods="1" coveredmethods="1"/>
        <line num="7" count="12" type="stmt"/>
        <line num="9" count="12" type="cond" truecount="2" falsecount="0"/>
        <line num="10" count="8" type="stmt"/>
        <line num="13" count="4" type="cond" truecount="2" falsecount="0"/>
        <line num="14" count="1" type="stmt"/>
        <line num="17" count="3" type="cond" truecount="2" falsecount="0"/>
        <line num="18" count="2" type="stmt"/>
        <line num="21" count="1" type="cond" truecount="1" falsecount="1"/>
        <line num="22" count="0" type="stmt"/>
        <line num="25" count="1" type="stmt"/>
      </file>
      <file name="json.js" path="/home/maicol/proyectos/fullstack-javascript-project-103/src/formatters/json.js">
        <metrics statements="1" coveredstatements="0" conditionals="0" coveredconditionals="0" methods="1" coveredmethods="0"/>
        <line num="2" count="0" type="stmt"/>
      </file>
      <file name="plain.js" path="/home/maicol/proyectos/fullstack-javascript-project-103/src/formatters/plain.js">
        <metrics statements="19" coveredstatements="19" conditionals="14" coveredconditionals="14" methods="4" coveredmethods="4"/>
        <line num="3" count="1" type="stmt"/>
        <line num="4" count="2" type="stmt"/>
        <line num="5" count="6" type="stmt"/>
        <line num="6" count="19" type="stmt"/>
        <line num="7" count="19" type="cond" truecount="2" falsecount="0"/>
        <line num="8" count="19" type="cond" truecount="5" falsecount="0"/>
        <line num="10" count="5" type="stmt"/>
        <line num="12" count="2" type="stmt"/>
        <line num="14" count="5" type="stmt"/>
        <line num="16" count="4" type="stmt"/>
        <line num="18" count="3" type="stmt"/>
        <line num="21" count="6" type="stmt"/>
        <line num="24" count="2" type="cond" truecount="1" falsecount="0"/>
        <line num="25" count="15" type="cond" truecount="2" falsecount="0"/>
        <line num="26" count="3" type="cond" truecount="2" falsecount="0"/>
        <line num="28" count="12" type="cond" truecount="2" falsecount="0"/>
        <line num="29" count="7" type="stmt"/>
        <line num="31" count="5" type="stmt"/>
        <line num="34" count="2" type="stmt"/>
      </file>
      <file name="stylish.js" path="/home/maicol/proyectos/fullstack-javascript-project-103/src/formatters/stylish.js">
        <metrics statements="21" coveredstatements="20" conditionals="8" coveredconditionals="7" methods="5" coveredmethods="5"/>
        <line num="3" count="1" type="stmt"/>
        <line num="4" count="7" type="stmt"/>
        <line num="5" count="11" type="stmt"/>
        <line num="6" count="11" type="stmt"/>
        <line num="7" count="35" type="stmt"/>
        <line num="8" count="35" type="cond" truecount="5" falsecount="1"/>
        <line num="10" count="8" type="stmt"/>
        <line num="12" count="7" type="stmt"/>
        <line num="14" count="9" type="stmt"/>
        <line num="16" count="7" type="stmt"/>
        <line num="21" count="4" type="stmt"/>
        <line num="23" count="0" type="stmt"/>
        <line num="26" count="11" type="stmt"/>
        <line num="29" count="7" type="stmt"/>
        <line num="30" count="47" type="cond" truecount="2" falsecount="0"/>
        <line num="31" count="7" type="stmt"/>
        <line num="32" count="7" type="stmt"/>
        <line num="33" count="9" type="stmt"/>
        <line num="34" count="7" type="stmt"/>
        <line num="36" count="40" type="stmt"/>
        <line num="39" count="7" type="stmt"/>
      </file>
    </package>
  </project>
</coverage>
