{"/home/maicol/proyectos/fullstack-javascript-project-103/src/parser.js": {"path":"/home/maicol/proyectos/fullstack-javascript-project-103/src/parser.js","statementMap":{"0":{"start":{"line":6,"column":21},"end":{"line":6,"column":54}},"1":{"start":{"line":7,"column":24},"end":{"line":7,"column":58}},"2":{"start":{"line":8,"column":22},"end":{"line":8,"column":58}},"3":{"start":{"line":10,"column":4},"end":{"line":12,"column":5}},"4":{"start":{"line":11,"column":8},"end":{"line":11,"column":39}},"5":{"start":{"line":13,"column":4},"end":{"line":15,"column":5}},"6":{"start":{"line":14,"column":8},"end":{"line":14,"column":38}},"7":{"start":{"line":17,"column":4},"end":{"line":17,"column":61}}},"fnMap":{"0":{"name":"getData","decl":{"start":{"line":5,"column":24},"end":{"line":5,"column":31}},"loc":{"start":{"line":5,"column":38},"end":{"line":18,"column":1}},"line":5}},"branchMap":{"0":{"loc":{"start":{"line":10,"column":4},"end":{"line":12,"column":5}},"type":"if","locations":[{"start":{"line":10,"column":4},"end":{"line":12,"column":5}},{"start":{},"end":{}}],"line":10},"1":{"loc":{"start":{"line":13,"column":4},"end":{"line":15,"column":5}},"type":"if","locations":[{"start":{"line":13,"column":4},"end":{"line":15,"column":5}},{"start":{},"end":{}}],"line":13},"2":{"loc":{"start":{"line":13,"column":8},"end":{"line":13,"column":53}},"type":"binary-expr","locations":[{"start":{"line":13,"column":8},"end":{"line":13,"column":28}},{"start":{"line":13,"column":32},"end":{"line":13,"column":53}}],"line":13}},"s":{"0":15,"1":15,"2":13,"3":13,"4":7,"5":6,"6":5,"7":1},"f":{"0":15},"b":{"0":[7,6],"1":[5,1],"2":[6,4]},"_coverageSchema":"1a1c01bbd47fc00a2c39e90264f33305004495a9","hash":"f5b06c5685e482db3fd8e1200fc6097ce0a57449"}
,"/home/maicol/proyectos/fullstack-javascript-project-103/src/treeBuilder.js": {"path":"/home/maicol/proyectos/fullstack-javascript-project-103/src/treeBuilder.js","statementMap":{"0":{"start":{"line":3,"column":18},"end":{"line":21,"column":1}},"1":{"start":{"line":4,"column":20},"end":{"line":4,"column":77}},"2":{"start":{"line":5,"column":4},"end":{"line":20,"column":7}},"3":{"start":{"line":6,"column":8},"end":{"line":9,"column":9}},"4":{"start":{"line":7,"column":31},"end":{"line":7,"column":64}},"5":{"start":{"line":8,"column":12},"end":{"line":8,"column":65}},"6":{"start":{"line":10,"column":8},"end":{"line":12,"column":9}},"7":{"start":{"line":11,"column":12},"end":{"line":11,"column":61}},"8":{"start":{"line":13,"column":8},"end":{"line":15,"column":9}},"9":{"start":{"line":14,"column":12},"end":{"line":14,"column":63}},"10":{"start":{"line":16,"column":8},"end":{"line":18,"column":9}},"11":{"start":{"line":17,"column":12},"end":{"line":17,"column":65}},"12":{"start":{"line":19,"column":8},"end":{"line":19,"column":85}}},"fnMap":{"0":{"name":"(anonymous_0)","decl":{"start":{"line":3,"column":18},"end":{"line":3,"column":19}},"loc":{"start":{"line":3,"column":36},"end":{"line":21,"column":1}},"line":3},"1":{"name":"(anonymous_1)","decl":{"start":{"line":5,"column":23},"end":{"line":5,"column":24}},"loc":{"start":{"line":5,"column":32},"end":{"line":20,"column":5}},"line":5}},"branchMap":{"0":{"loc":{"start":{"line":6,"column":8},"end":{"line":9,"column":9}},"type":"if","locations":[{"start":{"line":6,"column":8},"end":{"line":9,"column":9}},{"start":{},"end":{}}],"line":6},"1":{"loc":{"start":{"line":6,"column":12},"end":{"line":6,"column":60}},"type":"binary-expr","locations":[{"start":{"line":6,"column":12},"end":{"line":6,"column":34}},{"start":{"line":6,"column":38},"end":{"line":6,"column":60}}],"line":6},"2":{"loc":{"start":{"line":10,"column":8},"end":{"line":12,"column":9}},"type":"if","locations":[{"start":{"line":10,"column":8},"end":{"line":12,"column":9}},{"start":{},"end":{}}],"line":10},"3":{"loc":{"start":{"line":13,"column":8},"end":{"line":15,"column":9}},"type":"if","locations":[{"start":{"line":13,"column":8},"end":{"line":15,"column":9}},{"start":{},"end":{}}],"line":13},"4":{"loc":{"start":{"line":16,"column":8},"end":{"line":18,"column":9}},"type":"if","locations":[{"start":{"line":16,"column":8},"end":{"line":18,"column":9}},{"start":{},"end":{}}],"line":16}},"s":{"0":1,"1":20,"2":20,"3":61,"4":8,"5":8,"6":53,"7":14,"8":39,"9":11,"10":28,"11":13,"12":15},"f":{"0":20,"1":61},"b":{"0":[8,53],"1":[61,12],"2":[14,39],"3":[11,28],"4":[13,15]},"_coverageSchema":"1a1c01bbd47fc00a2c39e90264f33305004495a9","hash":"505bcb8db483f9da80fc82e4ba80b6d90c9f9e9d"}
,"/home/maicol/proyectos/fullstack-javascript-project-103/src/formatters/index.js": {"path":"/home/maicol/proyectos/fullstack-javascript-project-103/src/formatters/index.js","statementMap":{"0":{"start":{"line":7,"column":17},"end":{"line":7,"column":40}},"1":{"start":{"line":9,"column":4},"end":{"line":11,"column":5}},"2":{"start":{"line":10,"column":8},"end":{"line":10,"column":20}},"3":{"start":{"line":13,"column":4},"end":{"line":15,"column":5}},"4":{"start":{"line":14,"column":8},"end":{"line":14,"column":35}},"5":{"start":{"line":17,"column":4},"end":{"line":19,"column":5}},"6":{"start":{"line":18,"column":8},"end":{"line":18,"column":33}},"7":{"start":{"line":21,"column":4},"end":{"line":23,"column":5}},"8":{"start":{"line":22,"column":8},"end":{"line":22,"column":32}},"9":{"start":{"line":25,"column":4},"end":{"line":25,"column":53}}},"fnMap":{"0":{"name":"format","decl":{"start":{"line":6,"column":24},"end":{"line":6,"column":30}},"loc":{"start":{"line":6,"column":57},"end":{"line":26,"column":1}},"line":6}},"branchMap":{"0":{"loc":{"start":{"line":9,"column":4},"end":{"line":11,"column":5}},"type":"if","locations":[{"start":{"line":9,"column":4},"end":{"line":11,"column":5}},{"start":{},"end":{}}],"line":9},"1":{"loc":{"start":{"line":13,"column":4},"end":{"line":15,"column":5}},"type":"if","locations":[{"start":{"line":13,"column":4},"end":{"line":15,"column":5}},{"start":{},"end":{}}],"line":13},"2":{"loc":{"start":{"line":17,"column":4},"end":{"line":19,"column":5}},"type":"if","locations":[{"start":{"line":17,"column":4},"end":{"line":19,"column":5}},{"start":{},"end":{}}],"line":17},"3":{"loc":{"start":{"line":21,"column":4},"end":{"line":23,"column":5}},"type":"if","locations":[{"start":{"line":21,"column":4},"end":{"line":23,"column":5}},{"start":{},"end":{}}],"line":21}},"s":{"0":12,"1":12,"2":8,"3":4,"4":1,"5":3,"6":2,"7":1,"8":0,"9":1},"f":{"0":12},"b":{"0":[8,4],"1":[1,3],"2":[2,1],"3":[0,1]},"_coverageSchema":"1a1c01bbd47fc00a2c39e90264f33305004495a9","hash":"0a8d51d126a360cc811492d2ad677d88920d963c"}
,"/home/maicol/proyectos/fullstack-javascript-project-103/src/formatters/json.js": {"path":"/home/maicol/proyectos/fullstack-javascript-project-103/src/formatters/json.js","statementMap":{"0":{"start":{"line":2,"column":4},"end":{"line":2,"column":39}}},"fnMap":{"0":{"name":"formatJson","decl":{"start":{"line":1,"column":24},"end":{"line":1,"column":34}},"loc":{"start":{"line":1,"column":41},"end":{"line":3,"column":1}},"line":1}},"branchMap":{},"s":{"0":0},"f":{"0":0},"b":{},"_coverageSchema":"1a1c01bbd47fc00a2c39e90264f33305004495a9","hash":"d727fbab3503a077dcb25e149abbd00311f88113"}
,"/home/maicol/proyectos/fullstack-javascript-project-103/src/formatters/plain.js": {"path":"/home/maicol/proyectos/fullstack-javascript-project-103/src/formatters/plain.js","statementMap":{"0":{"start":{"line":3,"column":20},"end":{"line":35,"column":1}},"1":{"start":{"line":4,"column":17},"end":{"line":22,"column":5}},"2":{"start":{"line":5,"column":22},"end":{"line":20,"column":10}},"3":{"start":{"line":6,"column":34},"end":{"line":6,"column":38}},"4":{"start":{"line":7,"column":29},"end":{"line":7,"column":58}},"5":{"start":{"line":8,"column":12},"end":{"line":19,"column":13}},"6":{"start":{"line":10,"column":20},"end":{"line":10,"column":101}},"7":{"start":{"line":12,"column":20},"end":{"line":12,"column":64}},"8":{"start":{"line":14,"column":20},"end":{"line":14,"column":145}},"9":{"start":{"line":16,"column":20},"end":{"line":16,"column":57}},"10":{"start":{"line":18,"column":20},"end":{"line":18,"column":30}},"11":{"start":{"line":21,"column":8},"end":{"line":21,"column":32}},"12":{"start":{"line":24,"column":24},"end":{"line":32,"column":5}},"13":{"start":{"line":25,"column":8},"end":{"line":27,"column":9}},"14":{"start":{"line":26,"column":12},"end":{"line":26,"column":74}},"15":{"start":{"line":28,"column":8},"end":{"line":30,"column":9}},"16":{"start":{"line":29,"column":12},"end":{"line":29,"column":32}},"17":{"start":{"line":31,"column":8},"end":{"line":31,"column":29}},"18":{"start":{"line":34,"column":4},"end":{"line":34,"column":26}}},"fnMap":{"0":{"name":"(anonymous_0)","decl":{"start":{"line":3,"column":20},"end":{"line":3,"column":21}},"loc":{"start":{"line":3,"column":30},"end":{"line":35,"column":1}},"line":3},"1":{"name":"(anonymous_1)","decl":{"start":{"line":4,"column":17},"end":{"line":4,"column":18}},"loc":{"start":{"line":4,"column":40},"end":{"line":22,"column":5}},"line":4},"2":{"name":"(anonymous_2)","decl":{"start":{"line":5,"column":42},"end":{"line":5,"column":43}},"loc":{"start":{"line":5,"column":52},"end":{"line":20,"column":9}},"line":5},"3":{"name":"(anonymous_3)","decl":{"start":{"line":24,"column":24},"end":{"line":24,"column":25}},"loc":{"start":{"line":24,"column":57},"end":{"line":32,"column":5}},"line":24}},"branchMap":{"0":{"loc":{"start":{"line":7,"column":29},"end":{"line":7,"column":58}},"type":"cond-expr","locations":[{"start":{"line":7,"column":36},"end":{"line":7,"column":52}},{"start":{"line":7,"column":55},"end":{"line":7,"column":58}}],"line":7},"1":{"loc":{"start":{"line":8,"column":12},"end":{"line":19,"column":13}},"type":"switch","locations":[{"start":{"line":9,"column":16},"end":{"line":10,"column":101}},{"start":{"line":11,"column":16},"end":{"line":12,"column":64}},{"start":{"line":13,"column":16},"end":{"line":14,"column":145}},{"start":{"line":15,"column":16},"end":{"line":16,"column":57}},{"start":{"line":17,"column":16},"end":{"line":18,"column":30}}],"line":8},"2":{"loc":{"start":{"line":24,"column":32},"end":{"line":24,"column":52}},"type":"default-arg","locations":[{"start":{"line":24,"column":47},"end":{"line":24,"column":52}}],"line":24},"3":{"loc":{"start":{"line":25,"column":8},"end":{"line":27,"column":9}},"type":"if","locations":[{"start":{"line":25,"column":8},"end":{"line":27,"column":9}},{"start":{},"end":{}}],"line":25},"4":{"loc":{"start":{"line":26,"column":19},"end":{"line":26,"column":73}},"type":"cond-expr","locations":[{"start":{"line":26,"column":34},"end":{"line":26,"column":53}},{"start":{"line":26,"column":56},"end":{"line":26,"column":73}}],"line":26},"5":{"loc":{"start":{"line":28,"column":8},"end":{"line":30,"column":9}},"type":"if","locations":[{"start":{"line":28,"column":8},"end":{"line":30,"column":9}},{"start":{},"end":{}}],"line":28}},"s":{"0":1,"1":2,"2":6,"3":19,"4":19,"5":19,"6":5,"7":2,"8":5,"9":4,"10":3,"11":6,"12":2,"13":15,"14":3,"15":12,"16":7,"17":5,"18":2},"f":{"0":2,"1":6,"2":19,"3":15},"b":{"0":[14,5],"1":[5,2,5,4,3],"2":[5],"3":[3,12],"4":[1,2],"5":[7,5]},"_coverageSchema":"1a1c01bbd47fc00a2c39e90264f33305004495a9","hash":"38599d79cf72ba002140403d6ea60b686272cc3b"}
,"/home/maicol/proyectos/fullstack-javascript-project-103/src/formatters/stylish.js": {"path":"/home/maicol/proyectos/fullstack-javascript-project-103/src/formatters/stylish.js","statementMap":{"0":{"start":{"line":3,"column":22},"end":{"line":40,"column":1}},"1":{"start":{"line":4,"column":17},"end":{"line":27,"column":5}},"2":{"start":{"line":5,"column":23},"end":{"line":5,"column":44}},"3":{"start":{"line":6,"column":22},"end":{"line":25,"column":10}},"4":{"start":{"line":7,"column":34},"end":{"line":7,"column":38}},"5":{"start":{"line":8,"column":12},"end":{"line":24,"column":13}},"6":{"start":{"line":10,"column":20},"end":{"line":10,"column":86}},"7":{"start":{"line":12,"column":20},"end":{"line":12,"column":86}},"8":{"start":{"line":14,"column":20},"end":{"line":14,"column":86}},"9":{"start":{"line":16,"column":20},"end":{"line":19,"column":33}},"10":{"start":{"line":21,"column":20},"end":{"line":21,"column":99}},"11":{"start":{"line":23,"column":20},"end":{"line":23,"column":61}},"12":{"start":{"line":26,"column":8},"end":{"line":26,"column":32}},"13":{"start":{"line":29,"column":24},"end":{"line":37,"column":5}},"14":{"start":{"line":30,"column":8},"end":{"line":35,"column":9}},"15":{"start":{"line":31,"column":27},"end":{"line":31,"column":48}},"16":{"start":{"line":32,"column":34},"end":{"line":32,"column":61}},"17":{"start":{"line":33,"column":26},"end":{"line":33,"column":118}},"18":{"start":{"line":33,"column":68},"end":{"line":33,"column":117}},"19":{"start":{"line":34,"column":12},"end":{"line":34,"column":63}},"20":{"start":{"line":36,"column":8},"end":{"line":36,"column":29}},"21":{"start":{"line":39,"column":4},"end":{"line":39,"column":36}}},"fnMap":{"0":{"name":"(anonymous_0)","decl":{"start":{"line":3,"column":22},"end":{"line":3,"column":23}},"loc":{"start":{"line":3,"column":32},"end":{"line":40,"column":1}},"line":3},"1":{"name":"(anonymous_1)","decl":{"start":{"line":4,"column":17},"end":{"line":4,"column":18}},"loc":{"start":{"line":4,"column":41},"end":{"line":27,"column":5}},"line":4},"2":{"name":"(anonymous_2)","decl":{"start":{"line":6,"column":38},"end":{"line":6,"column":39}},"loc":{"start":{"line":6,"column":48},"end":{"line":25,"column":9}},"line":6},"3":{"name":"(anonymous_3)","decl":{"start":{"line":29,"column":24},"end":{"line":29,"column":25}},"loc":{"start":{"line":29,"column":42},"end":{"line":37,"column":5}},"line":29},"4":{"name":"(anonymous_4)","decl":{"start":{"line":33,"column":52},"end":{"line":33,"column":53}},"loc":{"start":{"line":33,"column":68},"end":{"line":33,"column":117}},"line":33}},"branchMap":{"0":{"loc":{"start":{"line":8,"column":12},"end":{"line":24,"column":13}},"type":"switch","locations":[{"start":{"line":9,"column":16},"end":{"line":10,"column":86}},{"start":{"line":11,"column":16},"end":{"line":12,"column":86}},{"start":{"line":13,"column":16},"end":{"line":14,"column":86}},{"start":{"line":15,"column":16},"end":{"line":19,"column":33}},{"start":{"line":20,"column":16},"end":{"line":21,"column":99}},{"start":{"line":22,"column":16},"end":{"line":23,"column":61}}],"line":8},"1":{"loc":{"start":{"line":30,"column":8},"end":{"line":35,"column":9}},"type":"if","locations":[{"start":{"line":30,"column":8},"end":{"line":35,"column":9}},{"start":{},"end":{}}],"line":30}},"s":{"0":1,"1":7,"2":11,"3":11,"4":35,"5":35,"6":8,"7":7,"8":9,"9":7,"10":4,"11":0,"12":11,"13":7,"14":47,"15":7,"16":7,"17":7,"18":9,"19":7,"20":40,"21":7},"f":{"0":7,"1":11,"2":35,"3":47,"4":9},"b":{"0":[8,7,9,7,4,0],"1":[7,40]},"_coverageSchema":"1a1c01bbd47fc00a2c39e90264f33305004495a9","hash":"5423ad329bc83d30a42f6be2759e54ce7dc2109f"}
}
