TN:
SF:src/parser.js
FN:5,getData
FNF:1
FNH:1
FNDA:15,getData
DA:6,15
DA:7,15
DA:8,13
DA:10,13
DA:11,7
DA:13,6
DA:14,5
DA:17,1
LF:8
LH:8
BRDA:10,0,0,7
BRDA:10,0,1,6
BRDA:13,1,0,5
BRDA:13,1,1,1
BRDA:13,2,0,6
BRDA:13,2,1,4
BRF:6
BRH:6
end_of_record
TN:
SF:src/treeBuilder.js
FN:3,(anonymous_0)
FN:5,(anonymous_1)
FNF:2
FNH:2
FNDA:20,(anonymous_0)
FNDA:61,(anonymous_1)
DA:3,1
DA:4,20
DA:5,20
DA:6,61
DA:7,8
DA:8,8
DA:10,53
DA:11,14
DA:13,39
DA:14,11
DA:16,28
DA:17,13
DA:19,15
LF:13
LH:13
BRDA:6,0,0,8
BRDA:6,0,1,53
BRDA:6,1,0,61
BRDA:6,1,1,12
BRDA:10,2,0,14
BRDA:10,2,1,39
BRDA:13,3,0,11
BRDA:13,3,1,28
BRDA:16,4,0,13
BRDA:16,4,1,15
BRF:10
BRH:10
end_of_record
TN:
SF:src/formatters/index.js
FN:6,format
FNF:1
FNH:1
FNDA:12,format
DA:7,12
DA:9,12
DA:10,8
DA:13,4
DA:14,1
DA:17,3
DA:18,2
DA:21,1
DA:22,0
DA:25,1
LF:10
LH:9
BRDA:9,0,0,8
BRDA:9,0,1,4
BRDA:13,1,0,1
BRDA:13,1,1,3
BRDA:17,2,0,2
BRDA:17,2,1,1
BRDA:21,3,0,0
BRDA:21,3,1,1
BRF:8
BRH:7
end_of_record
TN:
SF:src/formatters/json.js
FN:1,formatJson
FNF:1
FNH:0
FNDA:0,formatJson
DA:2,0
LF:1
LH:0
BRF:0
BRH:0
end_of_record
TN:
SF:src/formatters/plain.js
FN:3,(anonymous_0)
FN:4,(anonymous_1)
FN:5,(anonymous_2)
FN:24,(anonymous_3)
FNF:4
FNH:4
FNDA:2,(anonymous_0)
FNDA:6,(anonymous_1)
FNDA:19,(anonymous_2)
FNDA:15,(anonymous_3)
DA:3,1
DA:4,2
DA:5,6
DA:6,19
DA:7,19
DA:8,19
DA:10,5
DA:12,2
DA:14,5
DA:16,4
DA:18,3
DA:21,6
DA:24,2
DA:25,15
DA:26,3
DA:28,12
DA:29,7
DA:31,5
DA:34,2
LF:19
LH:19
BRDA:7,0,0,14
BRDA:7,0,1,5
BRDA:8,1,0,5
BRDA:8,1,1,2
BRDA:8,1,2,5
BRDA:8,1,3,4
BRDA:8,1,4,3
BRDA:24,2,0,5
BRDA:25,3,0,3
BRDA:25,3,1,12
BRDA:26,4,0,1
BRDA:26,4,1,2
BRDA:28,5,0,7
BRDA:28,5,1,5
BRF:14
BRH:14
end_of_record
TN:
SF:src/formatters/stylish.js
FN:3,(anonymous_0)
FN:4,(anonymous_1)
FN:6,(anonymous_2)
FN:29,(anonymous_3)
FN:33,(anonymous_4)
FNF:5
FNH:5
FNDA:7,(anonymous_0)
FNDA:11,(anonymous_1)
FNDA:35,(anonymous_2)
FNDA:47,(anonymous_3)
FNDA:9,(anonymous_4)
DA:3,1
DA:4,7
DA:5,11
DA:6,11
DA:7,35
DA:8,35
DA:10,8
DA:12,7
DA:14,9
DA:16,7
DA:21,4
DA:23,0
DA:26,11
DA:29,7
DA:30,47
DA:31,7
DA:32,7
DA:33,9
DA:34,7
DA:36,40
DA:39,7
LF:21
LH:20
BRDA:8,0,0,8
BRDA:8,0,1,7
BRDA:8,0,2,9
BRDA:8,0,3,7
BRDA:8,0,4,4
BRDA:8,0,5,0
BRDA:30,1,0,7
BRDA:30,1,1,40
BRF:8
BRH:7
end_of_record
